<?xml version="1.0" encoding="UTF-8"?>
<!-- Generated by org.testng.reporters.JUnitReportReporter -->
<testsuite hostname="DESKTOP-5SFVTIV" failures="0" tests="1" name="testcase.Tc_001_AccountRegistrationTest" time="3.291" errors="0" timestamp="2023-10-31T05:19:59 PDT" skipped="0">
  <testcase classname="testcase.Tc_001_AccountRegistrationTest" name="test_account_Registration" time="3.291"/>
  <system-out/>
</testsuite> <!-- testcase.Tc_001_AccountRegistrationTest -->
