<?xml version="1.0" encoding="UTF-8"?>
<!-- Generated by org.testng.reporters.JUnitReportReporter -->
<testsuite hostname="DESKTOP-5SFVTIV" failures="0" tests="1" name="testcase.TC_002_LoginTest" time="1.159" errors="0" timestamp="2023-10-31T05:21:42 PDT" skipped="0">
  <testcase classname="testcase.TC_002_LoginTest" name="test_login" time="1.159"/>
  <system-out/>
</testsuite> <!-- testcase.TC_002_LoginTest -->
